Log file open, 08/14/18 13:45:54
LogWindows: Failed to load 'aqProf.dll' (GetLastError=126)
LogWindows: File 'aqProf.dll' does not exist
LogWindows: Failed to load 'VSPerf140.dll' (GetLastError=126)
LogWindows: File 'VSPerf140.dll' does not exist
LogWindows: Failed to load 'VtuneApi.dll' (GetLastError=126)
LogWindows: File 'VtuneApi.dll' does not exist
LogWindows: Failed to load 'VtuneApi32e.dll' (GetLastError=126)
LogWindows: File 'VtuneApi32e.dll' does not exist
LogInit: Display: Running engine for game: HotPotatoSimulator
LogPlatformFile: Not using cached read wrapper
LogInit: Display: RandInit(242062530) SRandInit(242062530).
LogInit: Read version file with build ID '3709383'
LogInit: Overriding engine version to CL 3832480, compatible CL 3709383
LogInit: Registered custom module enumerator with build ID '3709383'
LogTaskGraph: Started task graph with 5 named threads and 14 total threads with 3 sets of task threads.
LogStats: Stats thread started at 0.244822
LogD3D11RHI: Aftermath initialized
LogPluginManager: Mounting plugin Paper2D
LogPluginManager: Mounting plugin LightPropagationVolume
LogPluginManager: Mounting plugin CodeLiteSourceCodeAccess
LogPluginManager: Mounting plugin GitSourceControl
LogPluginManager: Mounting plugin KDevelopSourceCodeAccess
LogPluginManager: Mounting plugin NullSourceCodeAccess
LogPluginManager: Mounting plugin UObjectPlugin
LogPluginManager: Mounting plugin VisualStudioCodeSourceCodeAccess
LogPluginManager: Mounting plugin VisualStudioSourceCodeAccess
LogPluginManager: Mounting plugin XCodeSourceCodeAccess
LogPluginManager: Mounting plugin AssetManagerEditor
LogPluginManager: Mounting plugin AudioCapture
LogPluginManager: Mounting plugin FacialAnimation
LogPluginManager: Mounting plugin GameplayTagsEditor
LogPluginManager: Mounting plugin PluginBrowser
LogPluginManager: Mounting plugin SpeedTreeImporter
LogPluginManager: Mounting plugin AlembicImporter
LogPluginManager: Mounting plugin CharacterAI
LogPluginManager: Mounting plugin HTML5Networking
LogPluginManager: Mounting plugin AvfMedia
LogPluginManager: Mounting plugin ImgMedia
LogPluginManager: Mounting plugin MediaCompositing
LogPluginManager: Mounting plugin MediaPlayerEditor
LogPluginManager: Mounting plugin MfMedia
LogPluginManager: Mounting plugin WmfMedia
LogPluginManager: Mounting plugin TcpMessaging
LogPluginManager: Mounting plugin UdpMessaging
LogPluginManager: Mounting plugin ActorSequence
LogPluginManager: Mounting plugin LevelSequenceEditor
LogPluginManager: Mounting plugin MatineeToLevelSequence
LogPluginManager: Mounting plugin OnlineSubsystemIOS
LogPluginManager: Mounting plugin OnlineSubsystem
LogPluginManager: Mounting plugin OnlineSubsystemNull
LogPluginManager: Mounting plugin OnlineSubsystemUtils
LogPluginManager: Mounting plugin ArchVisCharacter
LogPluginManager: Mounting plugin CableComponent
LogPluginManager: Mounting plugin CustomMeshComponent
LogPluginManager: Mounting plugin ExampleDeviceProfileSelector
LogPluginManager: Mounting plugin GoogleCloudMessaging
LogPluginManager: Mounting plugin ImmediatePhysics
LogPluginManager: Mounting plugin IOSDeviceProfileSelector
LogPluginManager: Mounting plugin LinuxDeviceProfileSelector
LogPluginManager: Mounting plugin PhysXVehicles
LogPluginManager: Mounting plugin ProceduralMeshComponent
LogPluginManager: Mounting plugin RuntimePhysXCooking
LogPluginManager: Mounting plugin WindowsDeviceProfileSelector
LogModuleManager: Display: Found up-to-date module file ../../../../../../Users/User/Documents/GitHub/HotPotatoSimulator/Binaries/Win64/UE4Editor-HotPotatoSimulator.dll (API version 3709383).
LogModuleManager: Display: Found up-to-date module file ../../../Engine/Plugins/2D/Paper2D/Binaries/Win64/UE4Editor-Paper2D.dll (API version 3709383).
LogModuleManager: Display: Found up-to-date module file ../../../Engine/Plugins/2D/Paper2D/Binaries/Win64/UE4Editor-Paper2DEditor.dll (API version 3709383).
LogModuleManager: Display: Found up-to-date module file ../../../Engine/Plugins/2D/Paper2D/Binaries/Win64/UE4Editor-PaperSpriteSheetImporter.dll (API version 3709383).
LogModuleManager: Display: Found up-to-date module file ../../../Engine/Plugins/2D/Paper2D/Binaries/Win64/UE4Editor-PaperTiledImporter.dll (API version 3709383).
LogModuleManager: Display: Found up-to-date module file ../../../Engine/Plugins/2D/Paper2D/Binaries/Win64/UE4Editor-SmartSnapping.dll (API version 3709383).
LogModuleManager: Display: Found up-to-date module file ../../../Engine/Plugins/Blendables/LightPropagationVolume/Binaries/Win64/UE4Editor-LightPropagationVolumeRuntime.dll (API version 3709383).
LogModuleManager: Display: Found up-to-date module file ../../../Engine/Plugins/Blendables/LightPropagationVolume/Binaries/Win64/UE4Editor-LightPropagationVolumeEditor.dll (API version 3709383).
LogModuleManager: Display: Found up-to-date module file ../../../Engine/Plugins/Developer/GitSourceControl/Binaries/Win64/UE4Editor-GitSourceControl.dll (API version 3709383).
LogModuleManager: Display: Found up-to-date module file ../../../Engine/Plugins/Developer/UObjectPlugin/Binaries/Win64/UE4Editor-UObjectPlugin.dll (API version 3709383).
LogModuleManager: Display: Found up-to-date module file ../../../Engine/Plugins/Developer/VisualStudioCodeSourceCodeAccess/Binaries/Win64/UE4Editor-VisualStudioCodeSourceCodeAccess.dll (API version 3709383).
LogModuleManager: Display: Found up-to-date module file ../../../Engine/Plugins/Developer/VisualStudioSourceCodeAccess/Binaries/Win64/UE4Editor-VisualStudioSourceCodeAccess.dll (API version 3709383).
LogModuleManager: Display: Found up-to-date module file ../../../Engine/Plugins/Editor/AssetManagerEditor/Binaries/Win64/UE4Editor-AssetManagerEditor.dll (API version 3709383).
LogModuleManager: Display: Found up-to-date module file ../../../Engine/Plugins/Editor/AudioCapture/Binaries/Win64/UE4Editor-AudioCapture.dll (API version 3709383).
LogModuleManager: Display: Found up-to-date module file ../../../Engine/Plugins/Editor/FacialAnimation/Binaries/Win64/UE4Editor-FacialAnimation.dll (API version 3709383).
LogModuleManager: Display: Found up-to-date module file ../../../Engine/Plugins/Editor/FacialAnimation/Binaries/Win64/UE4Editor-FacialAnimationEditor.dll (API version 3709383).
LogModuleManager: Display: Found up-to-date module file ../../../Engine/Plugins/Editor/GameplayTagsEditor/Binaries/Win64/UE4Editor-GameplayTagsEditor.dll (API version 3709383).
LogModuleManager: Display: Found up-to-date module file ../../../Engine/Plugins/Editor/PluginBrowser/Binaries/Win64/UE4Editor-PluginBrowser.dll (API version 3709383).
LogModuleManager: Display: Found up-to-date module file ../../../Engine/Plugins/Editor/SpeedTreeImporter/Binaries/Win64/UE4Editor-SpeedTreeImporter.dll (API version 3709383).
LogModuleManager: Display: Found up-to-date module file ../../../Engine/Plugins/Experimental/AlembicImporter/Binaries/Win64/UE4Editor-AlembicImporter.dll (API version 3709383).
LogModuleManager: Display: Found up-to-date module file ../../../Engine/Plugins/Experimental/AlembicImporter/Binaries/Win64/UE4Editor-AlembicLibrary.dll (API version 3709383).
LogModuleManager: Display: Found up-to-date module file ../../../Engine/Plugins/Experimental/CharacterAI/Binaries/Win64/UE4Editor-CharacterAI.dll (API version 3709383).
LogModuleManager: Display: Found up-to-date module file ../../../Engine/Plugins/Experimental/HTML5Networking/Binaries/Win64/UE4Editor-HTML5Networking.dll (API version 3709383).
LogModuleManager: Display: Found up-to-date module file ../../../Engine/Plugins/Media/AvfMedia/Binaries/Win64/UE4Editor-AvfMediaEditor.dll (API version 3709383).
LogModuleManager: Display: Found up-to-date module file ../../../Engine/Plugins/Media/AvfMedia/Binaries/Win64/UE4Editor-AvfMediaFactory.dll (API version 3709383).
LogModuleManager: Display: Found up-to-date module file ../../../Engine/Plugins/Media/AvfMedia/Binaries/Win64/UE4Editor-AvfMediaFactory.dll (API version 3709383).
LogModuleManager: Display: Found up-to-date module file ../../../Engine/Plugins/Media/ImgMedia/Binaries/Win64/UE4Editor-ImgMedia.dll (API version 3709383).
LogModuleManager: Display: Found up-to-date module file ../../../Engine/Plugins/Media/ImgMedia/Binaries/Win64/UE4Editor-ImgMediaEditor.dll (API version 3709383).
LogModuleManager: Display: Found up-to-date module file ../../../Engine/Plugins/Media/ImgMedia/Binaries/Win64/UE4Editor-ImgMediaFactory.dll (API version 3709383).
LogModuleManager: Display: Found up-to-date module file ../../../Engine/Plugins/Media/ImgMedia/Binaries/Win64/UE4Editor-ImgMediaFactory.dll (API version 3709383).
LogModuleManager: Display: Found up-to-date module file ../../../Engine/Plugins/Media/ImgMedia/Binaries/Win64/UE4Editor-OpenExrWrapper.dll (API version 3709383).
LogModuleManager: Display: Found up-to-date module file ../../../Engine/Plugins/Media/MediaCompositing/Binaries/Win64/UE4Editor-MediaCompositing.dll (API version 3709383).
LogModuleManager: Display: Found up-to-date module file ../../../Engine/Plugins/Media/MediaCompositing/Binaries/Win64/UE4Editor-MediaCompositingEditor.dll (API version 3709383).
LogModuleManager: Display: Found up-to-date module file ../../../Engine/Plugins/Media/MediaPlayerEditor/Binaries/Win64/UE4Editor-MediaPlayerEditor.dll (API version 3709383).
LogModuleManager: Display: Found up-to-date module file ../../../Engine/Plugins/Media/MfMedia/Binaries/Win64/UE4Editor-MfMediaEditor.dll (API version 3709383).
LogModuleManager: Display: Found up-to-date module file ../../../Engine/Plugins/Media/MfMedia/Binaries/Win64/UE4Editor-MfMediaFactory.dll (API version 3709383).
LogModuleManager: Display: Found up-to-date module file ../../../Engine/Plugins/Media/WmfMedia/Binaries/Win64/UE4Editor-WmfMedia.dll (API version 3709383).
LogModuleManager: Display: Found up-to-date module file ../../../Engine/Plugins/Media/WmfMedia/Binaries/Win64/UE4Editor-WmfMediaEditor.dll (API version 3709383).
LogModuleManager: Display: Found up-to-date module file ../../../Engine/Plugins/Media/WmfMedia/Binaries/Win64/UE4Editor-WmfMediaFactory.dll (API version 3709383).
LogModuleManager: Display: Found up-to-date module file ../../../Engine/Plugins/Media/WmfMedia/Binaries/Win64/UE4Editor-WmfMediaFactory.dll (API version 3709383).
LogModuleManager: Display: Found up-to-date module file ../../../Engine/Plugins/Messaging/TcpMessaging/Binaries/Win64/UE4Editor-TcpMessaging.dll (API version 3709383).
LogModuleManager: Display: Found up-to-date module file ../../../Engine/Plugins/Messaging/UdpMessaging/Binaries/Win64/UE4Editor-UdpMessaging.dll (API version 3709383).
LogModuleManager: Display: Found up-to-date module file ../../../Engine/Plugins/MovieScene/ActorSequence/Binaries/Win64/UE4Editor-ActorSequence.dll (API version 3709383).
LogModuleManager: Display: Found up-to-date module file ../../../Engine/Plugins/MovieScene/LevelSequenceEditor/Binaries/Win64/UE4Editor-LevelSequenceEditor.dll (API version 3709383).
LogModuleManager: Display: Found up-to-date module file ../../../Engine/Plugins/MovieScene/MatineeToLevelSequence/Binaries/Win64/UE4Editor-MatineeToLevelSequence.dll (API version 3709383).
LogModuleManager: Display: Found up-to-date module file ../../../Engine/Plugins/Online/OnlineSubsystem/Binaries/Win64/UE4Editor-OnlineSubsystem.dll (API version 3709383).
LogModuleManager: Display: Found up-to-date module file ../../../Engine/Plugins/Online/OnlineSubsystemNull/Binaries/Win64/UE4Editor-OnlineSubsystemNull.dll (API version 3709383).
LogModuleManager: Display: Found up-to-date module file ../../../Engine/Plugins/Online/OnlineSubsystemUtils/Binaries/Win64/UE4Editor-OnlineSubsystemUtils.dll (API version 3709383).
LogModuleManager: Display: Found up-to-date module file ../../../Engine/Plugins/Online/OnlineSubsystemUtils/Binaries/Win64/UE4Editor-OnlineBlueprintSupport.dll (API version 3709383).
LogModuleManager: Display: Found up-to-date module file ../../../Engine/Plugins/Runtime/ArchVisCharacter/Binaries/Win64/UE4Editor-ArchVisCharacter.dll (API version 3709383).
LogModuleManager: Display: Found up-to-date module file ../../../Engine/Plugins/Runtime/CableComponent/Binaries/Win64/UE4Editor-CableComponent.dll (API version 3709383).
LogModuleManager: Display: Found up-to-date module file ../../../Engine/Plugins/Runtime/CustomMeshComponent/Binaries/Win64/UE4Editor-CustomMeshComponent.dll (API version 3709383).
LogModuleManager: Display: Found up-to-date module file ../../../Engine/Plugins/Runtime/ExampleDeviceProfileSelector/Binaries/Win64/UE4Editor-ExampleDeviceProfileSelector.dll (API version 3709383).
LogModuleManager: Display: Found up-to-date module file ../../../Engine/Plugins/Runtime/ImmediatePhysics/Binaries/Win64/UE4Editor-ImmediatePhysics.dll (API version 3709383).
LogModuleManager: Display: Found up-to-date module file ../../../Engine/Plugins/Runtime/ImmediatePhysics/Binaries/Win64/UE4Editor-ImmediatePhysicsEditor.dll (API version 3709383).
LogModuleManager: Display: Found up-to-date module file ../../../Engine/Plugins/Runtime/PhysXVehicles/Binaries/Win64/UE4Editor-PhysXVehicles.dll (API version 3709383).
LogModuleManager: Display: Found up-to-date module file ../../../Engine/Plugins/Runtime/PhysXVehicles/Binaries/Win64/UE4Editor-PhysXVehiclesEditor.dll (API version 3709383).
LogModuleManager: Display: Found up-to-date module file ../../../Engine/Plugins/Runtime/ProceduralMeshComponent/Binaries/Win64/UE4Editor-ProceduralMeshComponent.dll (API version 3709383).
LogModuleManager: Display: Found up-to-date module file ../../../Engine/Plugins/Runtime/ProceduralMeshComponent/Binaries/Win64/UE4Editor-ProceduralMeshComponentEditor.dll (API version 3709383).
LogModuleManager: Display: Found up-to-date module file ../../../Engine/Plugins/Runtime/RuntimePhysXCooking/Binaries/Win64/UE4Editor-RuntimePhysXCooking.dll (API version 3709383).
LogModuleManager: Display: Found up-to-date module file ../../../Engine/Plugins/Runtime/WindowsDeviceProfileSelector/Binaries/Win64/UE4Editor-WindowsDeviceProfileSelector.dll (API version 3709383).
LogInit: Using libcurl 7.47.1
LogInit:  - built for x86_64-pc-win32
LogInit:  - supports SSL with OpenSSL/1.0.2g
LogInit:  - supports HTTP deflate (compression) using libz 1.2.8
LogInit:  - other features:
LogInit:      CURL_VERSION_SSL
LogInit:      CURL_VERSION_LIBZ
LogInit:      CURL_VERSION_IPV6
LogInit:      CURL_VERSION_ASYNCHDNS
LogInit:      CURL_VERSION_LARGEFILE
LogInit:      CURL_VERSION_IDN
LogInit:  CurlRequestOptions (configurable via config and command line):
LogInit:  - bVerifyPeer = false  - Libcurl will NOT verify peer certificate
LogInit:  - bUseHttpProxy = false  - Libcurl will NOT use HTTP proxy
LogInit:  - bDontReuseConnections = false  - Libcurl will reuse connections
LogInit:  - CertBundlePath = nullptr  - Libcurl will use whatever was configured at build time.
LogModuleManager: Warning: No filename provided for module OnlineSubsystemSteam
LogModuleManager: Warning: ModuleManager: Unable to load module 'OnlineSubsystemSteam' because the file 'C:/Program Files/Epic Games/UE_4.18/Engine/Binaries/Win64/' was not found.
LogInit: WinSock: version 1.1 (2.2), MaxSocks=32767, MaxUdp=65467
LogInit: Build: ++UE4+Release-4.18-CL-3832480
LogInit: Engine Version: 4.18.3-3832480+++UE4+Release-4.18
LogInit: Compatible Engine Version: 4.18.0-3709383+++UE4+Release-4.18
LogInit: Net CL: 3709383
LogDevObjectVersion: Number of dev versions registered: 16
LogDevObjectVersion:   Dev-Blueprints (B0D832E4-1F89-4F0D-ACCF-7EB736FD4AA2): 10
LogDevObjectVersion:   Dev-Build (E1C64328-A22C-4D53-A36C-8E866417BD8C): 0
LogDevObjectVersion:   Dev-Core (375EC13C-06E4-48FB-B500-84F0262A717E): 2
LogDevObjectVersion:   Dev-Editor (E4B068ED-F494-42E9-A231-DA0B2E46BB41): 20
LogDevObjectVersion:   Dev-Framework (CFFC743F-43B0-4480-9391-14DF171D2073): 30
LogDevObjectVersion:   Dev-Mobile (B02B49B5-BB20-44E9-A304-32B752E40360): 0
LogDevObjectVersion:   Dev-Networking (A4E4105C-59A1-49B5-A7C5-40C4547EDFEE): 0
LogDevObjectVersion:   Dev-Online (39C831C9-5AE6-47DC-9A44-9C173E1C8E7C): 0
LogDevObjectVersion:   Dev-Physics (78F01B33-EBEA-4F98-B9B4-84EACCB95AA2): 0
LogDevObjectVersion:   Dev-Platform (6631380F-2D4D-43E0-8009-CF276956A95A): 0
LogDevObjectVersion:   Dev-Rendering (12F88B9F-8875-4AFC-A67C-D90C383ABD29): 20
LogDevObjectVersion:   Dev-Sequencer (7B5AE74C-D270-4C10-A958-57980B212A5A): 4
LogDevObjectVersion:   Dev-VR (D7296918-1DD6-4BDD-9DE2-64A83CC13884): 0
LogDevObjectVersion:   Dev-LoadTimes (C2A15278-BFE7-4AFE-6C17-90FF531DF755): 1
LogDevObjectVersion:   Private-Geometry (6EACA3D4-40EC-4CC1-B786-8BED09428FC5): 1
LogDevObjectVersion:   Dev-AnimPhys (29E575DD-E0A3-4627-9D10-D276232CDCEA): 12
LogInit: Compiled (64-bit): Jan 12 2018 02:04:55
LogInit: Compiled with Visual C++: 19.00.24215.01
LogInit: Build Configuration: Development
LogInit: Branch Name: ++UE4+Release-4.18
LogInit: Command line: -EpicPortal 
LogInit: Base directory: C:/Program Files/Epic Games/UE_4.18/Engine/Binaries/Win64/
LogInit: Installed Engine Build: 1
LogInit: Presizing for max 8388607 objects, including 0 objects not considered by GC, pre-allocating 0 bytes for permanent pool.
LogInit: Object subsystem initialized
[2018.08.14-16.45.57:327][  0]LogInit: Selected Device Profile: [Windows]
[2018.08.14-16.45.57:327][  0]LogInit: Applying CVar settings loaded from the selected device profile: [Windows]
[2018.08.14-16.45.57:342][  0]LogInit: Computer: DESKTOP-ADG5P1M
[2018.08.14-16.45.57:342][  0]LogInit: User: User
[2018.08.14-16.45.57:342][  0]LogInit: CPU Page size=4096, Cores=4
[2018.08.14-16.45.57:342][  0]LogInit: High frequency timer resolution =3.139091 MHz
[2018.08.14-16.45.57:342][  0]LogMemory: Memory total: Physical=8.0GB (8GB approx)
[2018.08.14-16.45.57:342][  0]LogMemory: Platform Memory Stats for Windows
[2018.08.14-16.45.57:342][  0]LogMemory: Process Physical Memory: 273.16 MB used, 273.16 MB peak
[2018.08.14-16.45.57:342][  0]LogMemory: Process Virtual Memory: 273.02 MB used, 273.02 MB peak
[2018.08.14-16.45.57:342][  0]LogMemory: Physical Memory: 4366.68 MB used,  3807.43 MB free, 8174.11 MB total
[2018.08.14-16.45.57:342][  0]LogMemory: Virtual Memory: 4772.06 MB used,  3807.43 MB free, 134217728.00 MB total
[2018.08.14-16.45.57:637][  0]LogInit: Overriding language with editor language configuration option (en).
[2018.08.14-16.45.57:637][  0]LogInit: Overriding locale with editor locale configuration option (en).
[2018.08.14-16.45.58:162][  0]LogInit: Setting process to per monitor DPI aware
[2018.08.14-16.45.58:599][  0]LogD3D11RHI: D3D11 adapters:
[2018.08.14-16.45.58:624][  0]LogD3D11RHI:    0. 'AMD Radeon R9 200 Series' (Feature Level 11_0)
[2018.08.14-16.45.58:625][  0]LogD3D11RHI:       2028/0/4087 MB DedicatedVideo/DedicatedSystem/SharedSystem, Outputs:1, VendorId:0x1002
[2018.08.14-16.45.58:628][  0]LogD3D11RHI:    1. 'Microsoft Basic Render Driver' (Feature Level 11_0)
[2018.08.14-16.45.58:628][  0]LogD3D11RHI:       0/0/4087 MB DedicatedVideo/DedicatedSystem/SharedSystem, Outputs:0, VendorId:0x1414
[2018.08.14-16.45.58:628][  0]LogD3D11RHI: Chosen D3D11 Adapter: 0
[2018.08.14-16.45.58:639][  0]LogD3D11RHI: Creating new Direct3DDevice
[2018.08.14-16.45.58:639][  0]LogD3D11RHI:     GPU DeviceId: 0x6810 (for the marketing name, search the web for "GPU Device Id")
[2018.08.14-16.45.58:639][  0]LogWindows: EnumDisplayDevices:
[2018.08.14-16.45.58:639][  0]LogWindows:    0. 'AMD Radeon R9 200 Series' (P:1 D:1)
[2018.08.14-16.45.58:639][  0]LogWindows:    1. 'AMD Radeon R9 200 Series' (P:0 D:0)
[2018.08.14-16.45.58:640][  0]LogWindows:    2. 'AMD Radeon R9 200 Series' (P:0 D:0)
[2018.08.14-16.45.58:640][  0]LogWindows:    3. 'AMD Radeon R9 200 Series' (P:0 D:0)
[2018.08.14-16.45.58:640][  0]LogWindows:    4. 'AMD Radeon R9 200 Series' (P:0 D:0)
[2018.08.14-16.45.58:640][  0]LogWindows:    5. 'AMD Radeon R9 200 Series' (P:0 D:0)
[2018.08.14-16.45.58:641][  0]LogWindows: DebugString: GetVideoDriverDetailsInvalid PrimaryIsNotTheChoosenAdapter GetVideoDriverDetailsInvalid PrimaryIsNotTheChoosenAdapter GetVideoDriverDetailsInvalid PrimaryIsNotTheChoosenAdapter GetVideoDriverDetailsInvalid PrimaryIsNotTheChoosenAdapter GetVideoDriverDetailsInvalid PrimaryIsNotTheChoosenAdapter GetVideoDriverDetailsInvalid PrimaryIsNotTheChoosenAdapter FoundDriverCount:0 
[2018.08.14-16.45.58:641][  0]LogD3D11RHI:     Adapter Name: AMD Radeon R9 200 Series
[2018.08.14-16.45.58:641][  0]LogD3D11RHI:   Driver Version: Unknown (internal:Unknown, unified:Unknown)
[2018.08.14-16.45.58:641][  0]LogD3D11RHI:      Driver Date: Unknown
[2018.08.14-16.45.58:641][  0]LogRHI: Texture pool is 1419 MB (70% of 2028 MB)
[2018.08.14-16.45.58:676][  0]LogD3D11RHI: Async texture creation enabled
[2018.08.14-16.45.58:689][  0]LogD3D11RHI: GPU Timing Frequency: 27.000000 (Debug: 2 1)
[2018.08.14-16.45.58:692][  0]LogShaderCompilers: Guid format shader working directory is -20 characters bigger than the processId version (../../../../../../Users/User/Documents/GitHub/HotPotatoSimulator/Intermediate/Shaders/WorkingDirectory/16884/).
[2018.08.14-16.45.58:692][  0]LogShaderCompilers: Cleaned the shader compiler working directory 'C:/Users/User/AppData/Local/Temp/UnrealShaderWorkingDir/957082CB4B49F0043F8B5CA0BFD8E377/'.
[2018.08.14-16.45.58:692][  0]LogShaderCompilers: Display: Using Local Shader Compiler.
[2018.08.14-16.46.00:260][  0]LogTemp: Display: Loaded TP AllDesktopTargetPlatform
[2018.08.14-16.46.00:371][  0]LogTemp: Display: Loaded TP MacClientTargetPlatform
[2018.08.14-16.46.00:479][  0]LogTemp: Display: Loaded TP MacNoEditorTargetPlatform
[2018.08.14-16.46.00:584][  0]LogTemp: Display: Loaded TP MacServerTargetPlatform
[2018.08.14-16.46.00:691][  0]LogTemp: Display: Loaded TP MacTargetPlatform
[2018.08.14-16.46.00:794][  0]LogTemp: Display: Loaded TP WindowsClientTargetPlatform
[2018.08.14-16.46.00:912][  0]LogTemp: Display: Loaded TP WindowsNoEditorTargetPlatform
[2018.08.14-16.46.01:036][  0]LogTemp: Display: Loaded TP WindowsServerTargetPlatform
[2018.08.14-16.46.01:144][  0]LogTemp: Display: Loaded TP WindowsTargetPlatform
[2018.08.14-16.46.01:258][  0]LogTemp: Display: Loaded TP Android_ASTCTargetPlatform
[2018.08.14-16.46.01:371][  0]LogTemp: Display: Loaded TP Android_ATCTargetPlatform
[2018.08.14-16.46.01:482][  0]LogTemp: Display: Loaded TP Android_DXTTargetPlatform
[2018.08.14-16.46.01:591][  0]LogTemp: Display: Loaded TP Android_ETC1TargetPlatform
[2018.08.14-16.46.01:705][  0]LogTemp: Display: Loaded TP Android_ETC2TargetPlatform
[2018.08.14-16.46.01:931][  0]LogTemp: Display: Loaded TP Android_MultiTargetPlatform
[2018.08.14-16.46.01:931][  0]LogTemp: Display: Loaded TP Android_PVRTCTargetPlatform
[2018.08.14-16.46.02:037][  0]LogTemp: Display: Loaded TP AndroidTargetPlatform
[2018.08.14-16.46.02:119][  0]LogTemp: Display: Loaded TP HTML5TargetPlatform
[2018.08.14-16.46.02:280][  0]LogTemp: Display: Loaded TP IOSTargetPlatform
[2018.08.14-16.46.02:331][  0]LogTemp: Display: Loaded TP TVOSTargetPlatform
[2018.08.14-16.46.02:432][  0]LogTemp: Display: Loaded TP LinuxClientTargetPlatform
[2018.08.14-16.46.02:530][  0]LogTemp: Display: Loaded TP LinuxNoEditorTargetPlatform
[2018.08.14-16.46.02:633][  0]LogTemp: Display: Loaded TP LinuxServerTargetPlatform
[2018.08.14-16.46.02:736][  0]LogTemp: Display: Loaded TP LinuxTargetPlatform
[2018.08.14-16.46.02:736][  0]LogTargetPlatformManager: Display: Building Assets For Windows
[2018.08.14-16.46.03:748][  0]LogDerivedDataCache: Display: Max Cache Size: 512 MB
[2018.08.14-16.46.03:901][  0]LogDerivedDataCache: Loaded boot cache 0.15s 80MB C:/Users/User/AppData/Local/UnrealEngine/4.18/DerivedDataCache/Boot.ddc.
[2018.08.14-16.46.03:901][  0]LogDerivedDataCache: Display: Loaded Boot cache: C:/Users/User/AppData/Local/UnrealEngine/4.18/DerivedDataCache/Boot.ddc
[2018.08.14-16.46.03:902][  0]LogDerivedDataCache: FDerivedDataBackendGraph:  Pak pak cache file ../../../../../../Users/User/Documents/GitHub/HotPotatoSimulator/DerivedDataCache/DDC.ddp not found, will not use a pak cache.
[2018.08.14-16.46.03:902][  0]LogDerivedDataCache: Unable to find inner node Pak for hierarchical cache Hierarchy.
[2018.08.14-16.46.03:902][  0]LogDerivedDataCache: FDerivedDataBackendGraph:  CompressedPak pak cache file ../../../../../../Users/User/Documents/GitHub/HotPotatoSimulator/DerivedDataCache/Compressed.ddp not found, will not use a pak cache.
[2018.08.14-16.46.03:902][  0]LogDerivedDataCache: Unable to find inner node CompressedPak for hierarchical cache Hierarchy.
[2018.08.14-16.46.03:927][  0]LogDerivedDataCache: Display: Pak cache opened for reading ../../../Engine/DerivedDataCache/Compressed.ddp.
[2018.08.14-16.46.03:940][  0]LogDerivedDataCache: Using Local data cache path C:/Users/User/AppData/Local/UnrealEngine/Common/DerivedDataCache: Writable
[2018.08.14-16.46.03:960][  0]LogMaterial: Verifying Global Shaders for PCD3D_SM5
[2018.08.14-16.46.03:961][  0]LogSlate: Using Freetype 2.6.0
[2018.08.14-16.46.03:962][  0]LogSlate: SlateFontCache - WITH_FREETYPE: 1, WITH_HARFBUZZ: 1
[2018.08.14-16.46.03:962][  0]LogSlate: SlateFontCache - WITH_FREETYPE: 1, WITH_HARFBUZZ: 1
[2018.08.14-16.46.04:563][  0]LogInit: Selected Device Profile: [Windows]
[2018.08.14-16.46.05:202][  0]LogSimplygon: Simplygon DLL not present - disabling.
[2018.08.14-16.46.05:296][  0]LogMeshReduction: Using SimplygonSwarm for distributed automatic mesh merging
[2018.08.14-16.46.05:296][  0]LogMeshReduction: Using QuadricMeshReduction for automatic static mesh reduction
[2018.08.14-16.46.05:296][  0]LogMeshReduction: No automatic skeletal mesh reduction module available
[2018.08.14-16.46.05:296][  0]LogMeshReduction: No automatic mesh merging module available
[2018.08.14-16.46.05:296][  0]LogMeshMerging: No automatic mesh merging module available
[2018.08.14-16.46.05:352][  0]LogNetVersion: HotPotatoSimulator , NetCL: 3709383, EngineNetVer: 2, GameNetVer: 0 (Checksum: 1676668367)
[2018.08.14-16.46.05:633][  0]LogAssetRegistry: FAssetRegistry took 0.0298 seconds to start up
[2018.08.14-16.46.06:473][  0]LogPackageLocalizationCache: Processed 4 localized package path(s) for 1 prioritized culture(s) in 0.025732 seconds
[2018.08.14-16.46.06:482][  0]LogUObjectArray: 35364 objects as part of root set at end of initial load.
[2018.08.14-16.46.06:482][  0]LogUObjectAllocator: 7260640 out of 0 bytes used by permanent object pool.
[2018.08.14-16.46.06:482][  0]LogUObjectArray: CloseDisregardForGC: 0/0 objects in disregard for GC pool
[2018.08.14-16.46.11:659][  0]LogTcpMessaging: Initializing TcpMessaging bridge
[2018.08.14-16.46.11:742][  0]LogUdpMessaging: Initializing bridge on interface 0.0.0.0:0 to multicast group 230.0.0.1:6666.
[2018.08.14-16.46.13:336][  0]LogMaterial: Uniform references updated for custom material expression Custom.
[2018.08.14-16.46.14:239][  0]SourceControl: Source control is disabled
[2018.08.14-16.46.14:239][  0]SourceControl: Source control is disabled
[2018.08.14-16.46.16:600][  0]LogEngine: Initializing Engine...
[2018.08.14-16.46.16:934][  0]LogStats: UGameplayTagsManager::ConstructGameplayTagTree: Construct from data asset -  0.000 s
[2018.08.14-16.46.16:934][  0]LogStats: UGameplayTagsManager::ConstructGameplayTagTree: GameplayTagTreeChangedEvent.Broadcast -  0.000 s
[2018.08.14-16.46.17:233][  0]LogAIModule: Creating AISystem for world Untitled
[2018.08.14-16.46.17:257][  0]LogInit: XAudio2 using 'Alto-falantes (Realtek High Definition Audio)' : 2 channels at 48 kHz using 32 bits per sample (channel mask 0x3)
[2018.08.14-16.46.17:292][  0]LogInit: FAudioDevice initialized.
[2018.08.14-16.46.17:509][  0]LogDerivedDataCache: Saved boot cache 0.22s 80MB C:/Users/User/AppData/Local/UnrealEngine/4.18/DerivedDataCache/Boot.ddc.
[2018.08.14-16.46.17:558][  0]LogInit: Texture streaming: Enabled
[2018.08.14-16.46.17:783][  0]LogEngineSessionManager: EngineSessionManager initialized
[2018.08.14-16.46.18:065][  0]LogInit: Transaction tracking system initialized
[2018.08.14-16.46.18:756][  0]BlueprintLog: New page: Editor Load
[2018.08.14-16.46.20:840][  0]LocalizationService: Localization service is disabled
[2018.08.14-16.46.21:989][  0]LogLinker: Warning: Can't find file '/Game/TopDownBP/TopDownOverview'
[2018.08.14-16.46.21:989][  0]LogLinker: Warning: Can't find file '/Game/TopDownBP/TopDownOverview'
[2018.08.14-16.46.21:989][  0]LogUObjectGlobals: Warning: Failed to find object 'Class /Game/TopDownBP/TopDownOverview.TopDownOverview_C'
[2018.08.14-16.46.22:462][  0]LogConsoleResponse: Display: 
[2018.08.14-16.46.22:819][  0]LogCook: Display: Max memory allowance for cook 16384mb min free memory 0mb
[2018.08.14-16.46.22:819][  0]LogCook: Display: Mobile HDR setting 1
[2018.08.14-16.46.22:819][  0]LogGameplayTags: Display: UGameplayTagsManager::DoneAddingNativeTags. DelegateIsBound: 0
[2018.08.14-16.46.23:269][  0]LogFileCache: Scanning file cache for directory 'C:/Users/User/Documents/GitHub/HotPotatoSimulator/Content/' took 0.09s
[2018.08.14-16.46.25:616][  0]SourceControl: Source control is disabled
[2018.08.14-16.46.25:616][  0]Cmd: MAP LOAD FILE="../../../../../../Users/User/Documents/GitHub/HotPotatoSimulator/Content/Maps/Hospital.umap" TEMPLATE=0 SHOWPROGRESS=1 FEATURELEVEL=3
[2018.08.14-16.46.25:617][  0]LightingResults: New page: Lighting Build
[2018.08.14-16.46.25:704][  0]MapCheck: New page: Map Check
[2018.08.14-16.46.25:704][  0]LightingResults: New page: Lighting Build
[2018.08.14-16.46.30:776][  0]LogAIModule: Creating AISystem for world Hospital
[2018.08.14-16.46.30:843][  0]PIE: Warning: Trying to simulate physics on ''/Game/Maps/Hospital.Hospital:PersistentLevel.SM_Table5_81.StaticMeshComponent0'' but it has ComplexAsSimple collision.
[2018.08.14-16.46.30:845][  0]PIE: Warning: Trying to simulate physics on ''/Game/Maps/Hospital.Hospital:PersistentLevel.SM_Table7_176.StaticMeshComponent0'' but it has ComplexAsSimple collision.
[2018.08.14-16.46.31:006][  0]LogEditorServer: Finished looking for orphan Actors (0.000 secs)
[2018.08.14-16.46.31:106][  0]Cmd: MAP CHECKDEP NOCLEARLOG
[2018.08.14-16.46.31:391][  0]MapCheck: Map check complete: 0 Error(s), 0 Warning(s), took 284.717ms to complete.
[2018.08.14-16.46.31:392][  0]LogFileHelpers: Loading map 'Hospital' took 5.777
[2018.08.14-16.46.31:595][  0]LogCollectionManager: Loaded 0 collections in 0.004465 seconds
[2018.08.14-16.46.31:726][  0]LogFileCache: Scanning file cache for directory 'C:/Users/User/Documents/GitHub/HotPotatoSimulator/Saved/Collections/' took 0.01s
[2018.08.14-16.46.31:726][  0]LogFileCache: Scanning file cache for directory 'C:/Users/User/Documents/GitHub/HotPotatoSimulator/Content/Developers/User/Collections/' took 0.01s
[2018.08.14-16.46.31:726][  0]LogFileCache: Scanning file cache for directory 'C:/Users/User/Documents/GitHub/HotPotatoSimulator/Content/Collections/' took 0.01s
[2018.08.14-16.46.31:726][  0]LogCollectionManager: Rebuilt the GUID cache for 0 collections in 0.000000 seconds
[2018.08.14-16.46.31:743][  0]LogContentBrowser: Native class hierarchy populated in 0.0167 seconds. Added 2345 classes and 496 folders.
[2018.08.14-16.46.31:887][  0]LogContentBrowser: Native class hierarchy updated for 'WidgetCarousel' in 0.0024 seconds. Added 0 classes and 0 folders.
[2018.08.14-16.46.31:996][  0]LogContentBrowser: Native class hierarchy updated for 'AddContentDialog' in 0.0023 seconds. Added 0 classes and 0 folders.
[2018.08.14-16.46.32:095][  0]LogContentBrowser: Native class hierarchy updated for 'SceneOutliner' in 0.0024 seconds. Added 1 classes and 2 folders.
[2018.08.14-16.46.32:283][  0]LogSlate: Took 0.000566 seconds to synchronously load lazily loaded font '../../../Engine/Content/Slate/Fonts/Roboto-Regular.ttf' (155K)
[2018.08.14-16.46.32:286][  0]LogSlate: Took 0.000335 seconds to synchronously load lazily loaded font '../../../Engine/Content/Slate/Fonts/Roboto-Bold.ttf' (160K)
[2018.08.14-16.46.32:295][  0]LogSlate: Took 0.000464 seconds to synchronously load lazily loaded font '../../../Engine/Content/Editor/Slate/Fonts/FontAwesome.ttf' (139K)
[2018.08.14-16.46.32:441][  0]LogRenderer: Reallocating scene render targets to support 752x332 Format 9 NumSamples 1 (Frame:1).
[2018.08.14-16.46.32:799][  0]LogContentBrowser: Native class hierarchy updated for 'HierarchicalLODOutliner' in 0.0024 seconds. Added 1 classes and 2 folders.
[2018.08.14-16.46.32:799][  0]LogLoad: (Engine Initialization) Total time: 40.71 seconds
[2018.08.14-16.46.32:799][  0]LogLoad: (Engine Initialization) Total Blueprint compile time: 0.00 seconds
[2018.08.14-16.46.32:799][  0]LogExternalProfiler: No external profilers were discovered.  External profiling features will not be available.
[2018.08.14-16.46.33:185][  0]LogContentStreaming: Texture pool size now 800 MB
[2018.08.14-16.46.33:319][  0]LogRenderer: Reallocating scene render targets to support 752x352 Format 9 NumSamples 1 (Frame:2).
[2018.08.14-16.46.33:319][  0]LogSlate: Took 0.000515 seconds to synchronously load lazily loaded font '../../../Engine/Content/Slate/Fonts/Roboto-Light.ttf' (159K)
[2018.08.14-16.46.34:501][  4]LogAssetRegistry: Asset discovery search completed in 28.8906 seconds
[2018.08.14-16.46.34:513][  4]LogCollectionManager: Rebuilt the object cache for 0 collections in 0.000001 seconds (found 0 objects)
[2018.08.14-16.46.34:513][  4]LogCollectionManager: Fixed up redirectors for 0 collections in 0.000215 seconds (updated 0 objects)
[2018.08.14-16.46.38:806][ 17]LogFileCache: Retrieving MD5 hashes for directory 'C:/Users/User/Documents/GitHub/HotPotatoSimulator/Content/' took 5.65s
[2018.08.14-16.46.57:184][983]LogSlate: Took 0.000306 seconds to synchronously load lazily loaded font '../../../Engine/Content/Slate/Fonts/Roboto-Light.ttf' (159K)
[2018.08.14-16.46.57:777][983]LogSlate: Took 0.000324 seconds to synchronously load lazily loaded font '../../../Engine/Content/Slate/Fonts/Roboto-Regular.ttf' (155K)
[2018.08.14-16.46.57:806][983]LogClass: Warning: Enum '/Game/LensFlares/Blueprints/DemoRoom/BluePrint/BP_DemoDisplay_Enum.BP_DemoDisplay_Enum' was upgraded to use FText to store its display name data. Please re-save this asset to avoid issues with localization and determinstic cooking.
[2018.08.14-16.46.58:067][983]LogContentBrowser: Native class hierarchy updated for 'BlueprintGraph' in 0.0043 seconds. Added 116 classes and 0 folders.
[2018.08.14-16.47.00:108][983]LogSlate: Took 0.010184 seconds to synchronously load lazily loaded font '../../../Engine/Content/Editor/Slate/Fonts/Roboto-BoldCondensed.ttf' (158K)
[2018.08.14-16.47.00:711][984]LogSlate: Took 0.005984 seconds to synchronously load lazily loaded font '../../../Engine/Content/Editor/Slate/Fonts/Roboto-Italic.ttf' (157K)
[2018.08.14-16.47.18:718][257]LogRenderer: Reallocating scene render targets to support 796x392 Format 9 NumSamples 1 (Frame:1).
[2018.08.14-16.47.26:837][688]BlueprintLog: New page: Compile Light_Switch
[2018.08.14-16.47.31:601][728]LogSavePackage: Save=273.92ms
[2018.08.14-16.47.31:601][728]LogSavePackage: Moving '../../../../../../Users/User/Documents/GitHub/HotPotatoSimulator/Saved/Light_Switch91F85C8845E1CEFB0DB693AB159B4EC7.tmp' to '../../../../../../Users/User/Documents/GitHub/HotPotatoSimulator/Content/Blueprints/SoulanityBPs/Items/Light_Items/Light_Switch.uasset'
[2018.08.14-16.47.31:607][728]LogSavePackage: Display: Finished SavePackage ../../../../../../Users/User/Documents/GitHub/HotPotatoSimulator/Content/Blueprints/SoulanityBPs/Items/Light_Items/Light_Switch.uasset
[2018.08.14-16.48.48:297][471]Cmd: OBJ SAVEPACKAGE PACKAGE="/Game/Maps/Hospital" FILE="../../../../../../Users/User/Documents/GitHub/HotPotatoSimulator/Content/Maps/Hospital.umap" SILENT=true AUTOSAVING=false KEEPDIRTY=false
[2018.08.14-16.48.51:575][471]LogSavePackage: Save=3177.74ms
[2018.08.14-16.48.51:575][471]LogSavePackage: Moving '../../../../../../Users/User/Documents/GitHub/HotPotatoSimulator/Saved/Hospital331B10744A3AE429934DF9B031FCFF3E.tmp' to '../../../../../../Users/User/Documents/GitHub/HotPotatoSimulator/Content/Maps/Hospital.umap'
[2018.08.14-16.48.51:582][471]LogSavePackage: Display: Finished SavePackage ../../../../../../Users/User/Documents/GitHub/HotPotatoSimulator/Content/Maps/Hospital.umap
[2018.08.14-16.48.51:634][471]Cmd: OBJ SAVEPACKAGE PACKAGE="/Game/Maps/Hospital_BuiltData" FILE="../../../../../../Users/User/Documents/GitHub/HotPotatoSimulator/Content/Maps/Hospital_BuiltData.uasset" SILENT=true
[2018.08.14-16.48.54:299][471]LogSavePackage: Save=2581.29ms
[2018.08.14-16.48.54:299][471]LogSavePackage: Moving '../../../../../../Users/User/Documents/GitHub/HotPotatoSimulator/Saved/Hospital_BuiltDataFA4EA74B459E026AC99C4AAE1AC41C41.tmp' to '../../../../../../Users/User/Documents/GitHub/HotPotatoSimulator/Content/Maps/Hospital_BuiltData.uasset'
[2018.08.14-16.48.54:307][471]LogSavePackage: Display: Finished SavePackage ../../../../../../Users/User/Documents/GitHub/HotPotatoSimulator/Content/Maps/Hospital_BuiltData.uasset
[2018.08.14-16.54.15:177][ 74]Cmd: QUIT_EDITOR
[2018.08.14-16.54.15:208][ 74]LogWindowsTextInputMethodSystem: Display: IME system now deactivated.
[2018.08.14-16.54.15:225][ 74]LogExit: Preparing to exit.
[2018.08.14-16.54.16:145][ 74]LogDirectoryWatcher: A directory notification for 'C:/Users/User/Documents/GitHub/HotPotatoSimulator/Content/' was aborted.
[2018.08.14-16.54.16:202][ 74]PIE: UWidget::RemoveFromParent() called on 'None.None:None' which has no UMG parent (if it was added directly to a native Slate widget via TakeWidget() then it must be removed explicitly rather than via RemoveFromParent())
[2018.08.14-16.54.16:203][ 74]PIE: UWidget::RemoveFromParent() called on 'None.None:None' which has no UMG parent (if it was added directly to a native Slate widget via TakeWidget() then it must be removed explicitly rather than via RemoveFromParent())
[2018.08.14-16.54.16:203][ 74]PIE: UWidget::RemoveFromParent() called on 'None.None:None' which has no UMG parent (if it was added directly to a native Slate widget via TakeWidget() then it must be removed explicitly rather than via RemoveFromParent())
[2018.08.14-16.54.16:210][ 74]PIE: UWidget::RemoveFromParent() called on 'None.None:None' which has no UMG parent (if it was added directly to a native Slate widget via TakeWidget() then it must be removed explicitly rather than via RemoveFromParent())
[2018.08.14-16.54.16:210][ 74]PIE: UWidget::RemoveFromParent() called on 'None.None:None' which has no UMG parent (if it was added directly to a native Slate widget via TakeWidget() then it must be removed explicitly rather than via RemoveFromParent())
[2018.08.14-16.54.16:211][ 74]PIE: UWidget::RemoveFromParent() called on 'None.None:None' which has no UMG parent (if it was added directly to a native Slate widget via TakeWidget() then it must be removed explicitly rather than via RemoveFromParent())
[2018.08.14-16.54.16:220][ 74]PIE: UWidget::RemoveFromParent() called on 'None.None:None' which has no UMG parent (if it was added directly to a native Slate widget via TakeWidget() then it must be removed explicitly rather than via RemoveFromParent())
[2018.08.14-16.54.16:220][ 74]PIE: UWidget::RemoveFromParent() called on 'None.None:None' which has no UMG parent (if it was added directly to a native Slate widget via TakeWidget() then it must be removed explicitly rather than via RemoveFromParent())
[2018.08.14-16.54.16:220][ 74]PIE: UWidget::RemoveFromParent() called on 'None.None:None' which has no UMG parent (if it was added directly to a native Slate widget via TakeWidget() then it must be removed explicitly rather than via RemoveFromParent())
[2018.08.14-16.54.16:220][ 74]PIE: UWidget::RemoveFromParent() called on 'None.None:None' which has no UMG parent (if it was added directly to a native Slate widget via TakeWidget() then it must be removed explicitly rather than via RemoveFromParent())
[2018.08.14-16.54.16:221][ 74]PIE: UWidget::RemoveFromParent() called on 'None.None:None' which has no UMG parent (if it was added directly to a native Slate widget via TakeWidget() then it must be removed explicitly rather than via RemoveFromParent())
[2018.08.14-16.54.16:221][ 74]PIE: UWidget::RemoveFromParent() called on 'None.None:None' which has no UMG parent (if it was added directly to a native Slate widget via TakeWidget() then it must be removed explicitly rather than via RemoveFromParent())
[2018.08.14-16.54.16:221][ 74]PIE: UWidget::RemoveFromParent() called on 'None.None:None' which has no UMG parent (if it was added directly to a native Slate widget via TakeWidget() then it must be removed explicitly rather than via RemoveFromParent())
[2018.08.14-16.54.16:221][ 74]PIE: UWidget::RemoveFromParent() called on 'None.None:None' which has no UMG parent (if it was added directly to a native Slate widget via TakeWidget() then it must be removed explicitly rather than via RemoveFromParent())
[2018.08.14-16.54.16:222][ 74]PIE: UWidget::RemoveFromParent() called on 'None.None:None' which has no UMG parent (if it was added directly to a native Slate widget via TakeWidget() then it must be removed explicitly rather than via RemoveFromParent())
[2018.08.14-16.54.16:222][ 74]PIE: UWidget::RemoveFromParent() called on 'None.None:None' which has no UMG parent (if it was added directly to a native Slate widget via TakeWidget() then it must be removed explicitly rather than via RemoveFromParent())
[2018.08.14-16.54.16:222][ 74]PIE: UWidget::RemoveFromParent() called on 'None.None:None' which has no UMG parent (if it was added directly to a native Slate widget via TakeWidget() then it must be removed explicitly rather than via RemoveFromParent())
[2018.08.14-16.54.16:222][ 74]PIE: UWidget::RemoveFromParent() called on 'None.None:None' which has no UMG parent (if it was added directly to a native Slate widget via TakeWidget() then it must be removed explicitly rather than via RemoveFromParent())
[2018.08.14-16.54.16:250][ 74]LogExit: Editor shut down
[2018.08.14-16.54.16:259][ 74]LogExit: Transaction tracking system shut down
[2018.08.14-16.54.16:589][ 74]LogDirectoryWatcher: A directory notification for '../../../Engine/Content/' was aborted.
[2018.08.14-16.54.16:589][ 74]LogDirectoryWatcher: A directory notification for '../../../../../../Users/User/Documents/GitHub/HotPotatoSimulator/Content/' was aborted.
[2018.08.14-16.54.16:589][ 74]LogDirectoryWatcher: A directory notification for '../../../Engine/Plugins/2D/Paper2D/Content/' was aborted.
[2018.08.14-16.54.16:589][ 74]LogDirectoryWatcher: A directory notification for '../../../Engine/Plugins/Media/MediaCompositing/Content/' was aborted.
[2018.08.14-16.54.16:779][ 74]LogExit: Object subsystem successfully closed.
[2018.08.14-16.54.16:807][ 74]LogD3D11RHI: Shutdown
[2018.08.14-16.54.16:807][ 74]LogD3D11RHI: CleanupD3DDevice
[2018.08.14-16.54.16:814][ 74]LogD3D11RHI: ~FD3D11DynamicRHI
[2018.08.14-16.54.16:855][ 74]LogModuleManager: Shutting down and abandoning module BlueprintGraph (527)
[2018.08.14-16.54.16:855][ 74]LogModuleManager: Shutting down and abandoning module HierarchicalLODOutliner (525)
[2018.08.14-16.54.16:855][ 74]LogModuleManager: Shutting down and abandoning module DesktopPlatform (523)
[2018.08.14-16.54.16:855][ 74]LogModuleManager: Shutting down and abandoning module SceneOutliner (521)
[2018.08.14-16.54.16:855][ 74]LogModuleManager: Shutting down and abandoning module AddContentDialog (519)
[2018.08.14-16.54.16:855][ 74]LogDirectoryWatcher: A directory notification for 'C:/Program Files/Epic Games/UE_4.18/FeaturePacks/' was aborted.
[2018.08.14-16.54.16:857][ 74]LogModuleManager: Shutting down and abandoning module WidgetCarousel (518)
[2018.08.14-16.54.16:857][ 74]LogModuleManager: Shutting down and abandoning module EditorWidgets (515)
[2018.08.14-16.54.16:857][ 74]LogModuleManager: Shutting down and abandoning module CollectionManager (513)
[2018.08.14-16.54.16:857][ 74]LogDirectoryWatcher: A directory notification for 'C:/Users/User/Documents/GitHub/HotPotatoSimulator/Content/Collections/' was aborted.
[2018.08.14-16.54.16:857][ 74]LogDirectoryWatcher: A directory notification for 'C:/Users/User/Documents/GitHub/HotPotatoSimulator/Content/Developers/User/Collections/' was aborted.
[2018.08.14-16.54.16:857][ 74]LogDirectoryWatcher: A directory notification for 'C:/Users/User/Documents/GitHub/HotPotatoSimulator/Saved/Collections/' was aborted.
[2018.08.14-16.54.16:857][ 74]LogModuleManager: Shutting down and abandoning module StatsViewer (511)
[2018.08.14-16.54.16:857][ 74]LogModuleManager: Shutting down and abandoning module FoliageEdit (509)
[2018.08.14-16.54.16:857][ 74]LogModuleManager: Shutting down and abandoning module LandscapeEditor (507)
[2018.08.14-16.54.16:857][ 74]LogModuleManager: Shutting down and abandoning module MeshPaintMode (505)
[2018.08.14-16.54.16:857][ 74]LogModuleManager: Shutting down and abandoning module SceneDepthPickerMode (503)
[2018.08.14-16.54.16:858][ 74]LogModuleManager: Shutting down and abandoning module ActorPickerMode (501)
[2018.08.14-16.54.16:858][ 74]LogModuleManager: Shutting down and abandoning module GeometryMode (499)
[2018.08.14-16.54.16:858][ 74]LogModuleManager: Shutting down and abandoning module TextureAlignMode (497)
[2018.08.14-16.54.16:858][ 74]LogModuleManager: Shutting down and abandoning module BspMode (495)
[2018.08.14-16.54.16:858][ 74]LogModuleManager: Shutting down and abandoning module PIEPreviewDeviceProfileSelector (493)
[2018.08.14-16.54.16:858][ 74]LogModuleManager: Shutting down and abandoning module HardwareSurvey (491)
[2018.08.14-16.54.16:858][ 74]LogModuleManager: Shutting down and abandoning module SequenceRecorderSections (489)
[2018.08.14-16.54.16:858][ 74]LogModuleManager: Shutting down and abandoning module AutomationWorker (487)
[2018.08.14-16.54.16:858][ 74]LogModuleManager: Shutting down and abandoning module MatineeToLevelSequence (485)
[2018.08.14-16.54.16:858][ 74]LogModuleManager: Shutting down and abandoning module LevelSequenceEditor (483)
[2018.08.14-16.54.16:858][ 74]LogModuleManager: Shutting down and abandoning module PlacementMode (482)
[2018.08.14-16.54.16:858][ 74]LogModuleManager: Shutting down and abandoning module WmfMediaFactory (479)
[2018.08.14-16.54.16:858][ 74]LogModuleManager: Shutting down and abandoning module WmfMediaEditor (477)
[2018.08.14-16.54.16:858][ 74]LogModuleManager: Shutting down and abandoning module MfMediaFactory (475)
[2018.08.14-16.54.16:858][ 74]LogModuleManager: Shutting down and abandoning module MfMediaEditor (473)
[2018.08.14-16.54.16:858][ 74]LogModuleManager: Shutting down and abandoning module OpenExrWrapper (471)
[2018.08.14-16.54.16:858][ 74]LogModuleManager: Shutting down and abandoning module ImgMediaFactory (469)
[2018.08.14-16.54.16:858][ 74]LogModuleManager: Shutting down and abandoning module ImgMediaEditor (467)
[2018.08.14-16.54.16:858][ 74]LogModuleManager: Shutting down and abandoning module AvfMediaFactory (465)
[2018.08.14-16.54.16:858][ 74]LogModuleManager: Shutting down and abandoning module AvfMediaEditor (463)
[2018.08.14-16.54.16:858][ 74]LogModuleManager: Shutting down and abandoning module CharacterAI (461)
[2018.08.14-16.54.16:858][ 74]LogModuleManager: Shutting down and abandoning module AudioCapture (459)
[2018.08.14-16.54.16:858][ 74]LogModuleManager: Shutting down and abandoning module SequenceRecorder (458)
[2018.08.14-16.54.16:858][ 74]LogModuleManager: Shutting down and abandoning module SmartSnapping (455)
[2018.08.14-16.54.16:858][ 74]LogModuleManager: Shutting down and abandoning module SessionServices (453)
[2018.08.14-16.54.16:858][ 74]LogModuleManager: Shutting down and abandoning module ViewportSnapping (451)
[2018.08.14-16.54.16:858][ 74]LogModuleManager: Shutting down and abandoning module ViewportInteraction (449)
[2018.08.14-16.54.16:858][ 74]LogModuleManager: Shutting down and abandoning module ClothPainter (447)
[2018.08.14-16.54.16:858][ 74]LogModuleManager: Shutting down and abandoning module SkeletalMeshEditor (446)
[2018.08.14-16.54.16:859][ 74]LogModuleManager: Shutting down and abandoning module LogVisualizer (443)
[2018.08.14-16.54.16:859][ 74]LogModuleManager: Shutting down and abandoning module IntroTutorials (441)
[2018.08.14-16.54.16:859][ 74]LogModuleManager: Shutting down and abandoning module GameProjectGeneration (440)
[2018.08.14-16.54.16:859][ 74]LogModuleManager: Shutting down and abandoning module IOSPlatformEditor (437)
[2018.08.14-16.54.16:859][ 74]LogModuleManager: Shutting down and abandoning module HTML5PlatformEditor (435)
[2018.08.14-16.54.16:859][ 74]LogModuleManager: Shutting down and abandoning module AndroidPlatformEditor (433)
[2018.08.14-16.54.16:859][ 74]LogModuleManager: Shutting down and abandoning module AndroidDeviceDetection (432)
[2018.08.14-16.54.17:042][ 74]LogModuleManager: Shutting down and abandoning module WindowsPlatformEditor (429)
[2018.08.14-16.54.17:042][ 74]LogModuleManager: Shutting down and abandoning module IOSRuntimeSettings (427)
[2018.08.14-16.54.17:042][ 74]LogModuleManager: Shutting down and abandoning module AndroidRuntimeSettings (425)
[2018.08.14-16.54.17:042][ 74]LogModuleManager: Shutting down and abandoning module InputBindingEditor (423)
[2018.08.14-16.54.17:042][ 74]LogModuleManager: Shutting down and abandoning module MergeActors (421)
[2018.08.14-16.54.17:042][ 74]LogModuleManager: Shutting down and abandoning module SizeMap (419)
[2018.08.14-16.54.17:042][ 74]LogModuleManager: Shutting down and abandoning module TreeMap (417)
[2018.08.14-16.54.17:042][ 74]LogModuleManager: Shutting down and abandoning module ReferenceViewer (415)
[2018.08.14-16.54.17:042][ 74]LogModuleManager: Shutting down and abandoning module LocalizationDashboard (413)
[2018.08.14-16.54.17:043][ 74]LogModuleManager: Shutting down and abandoning module LocalizationService (412)
[2018.08.14-16.54.17:043][ 74]LogModuleManager: Shutting down and abandoning module HardwareTargeting (409)
[2018.08.14-16.54.17:043][ 74]LogModuleManager: Shutting down and abandoning module DeviceProfileEditor (407)
[2018.08.14-16.54.17:043][ 74]LogModuleManager: Shutting down and abandoning module UndoHistory (405)
[2018.08.14-16.54.17:043][ 74]LogModuleManager: Shutting down and abandoning module XmlParser (403)
[2018.08.14-16.54.17:043][ 74]LogModuleManager: Shutting down and abandoning module Blutility (401)
[2018.08.14-16.54.17:043][ 74]LogModuleManager: Shutting down and abandoning module ProjectSettingsViewer (399)
[2018.08.14-16.54.17:043][ 74]LogModuleManager: Shutting down and abandoning module ProjectTargetPlatformEditor (398)
[2018.08.14-16.54.17:043][ 74]LogModuleManager: Shutting down and abandoning module EditorSettingsViewer (395)
[2018.08.14-16.54.17:044][ 74]LogModuleManager: Shutting down and abandoning module SettingsEditor (393)
[2018.08.14-16.54.17:044][ 74]LogModuleManager: Shutting down and abandoning module ProjectLauncher (391)
[2018.08.14-16.54.17:044][ 74]LogModuleManager: Shutting down and abandoning module SessionFrontend (389)
[2018.08.14-16.54.17:044][ 74]LogModuleManager: Shutting down and abandoning module ProfilerClient (387)
[2018.08.14-16.54.17:044][ 74]LogModuleManager: Shutting down and abandoning module DeviceManager (385)
[2018.08.14-16.54.17:044][ 74]LogModuleManager: Shutting down and abandoning module TargetDeviceServices (384)
[2018.08.14-16.54.17:097][ 74]LogModuleManager: Shutting down and abandoning module AutomationController (381)
[2018.08.14-16.54.17:097][ 74]LogModuleManager: Shutting down and abandoning module AutomationWindow (379)
[2018.08.14-16.54.17:097][ 74]LogModuleManager: Shutting down and abandoning module Layers (377)
[2018.08.14-16.54.17:097][ 74]LogModuleManager: Shutting down and abandoning module ComponentVisualizers (375)
[2018.08.14-16.54.17:097][ 74]LogModuleManager: Shutting down and abandoning module DetailCustomizations (373)
[2018.08.14-16.54.17:097][ 74]LogModuleManager: Shutting down and abandoning module PackagesDialog (371)
[2018.08.14-16.54.17:098][ 74]LogModuleManager: Shutting down and abandoning module Persona (369)
[2018.08.14-16.54.17:098][ 74]LogModuleManager: Shutting down and abandoning module AdvancedPreviewScene (368)
[2018.08.14-16.54.17:098][ 74]LogModuleManager: Shutting down and abandoning module AnimGraph (366)
[2018.08.14-16.54.17:098][ 74]LogModuleManager: Shutting down and abandoning module Kismet (363)
[2018.08.14-16.54.17:121][ 74]LogModuleManager: Shutting down and abandoning module ClassViewer (361)
[2018.08.14-16.54.17:121][ 74]LogModuleManager: Shutting down and abandoning module Toolbox (359)
[2018.08.14-16.54.17:121][ 74]LogModuleManager: Shutting down and abandoning module ModuleUI (357)
[2018.08.14-16.54.17:121][ 74]LogModuleManager: Shutting down and abandoning module MovieSceneTools (355)
[2018.08.14-16.54.17:121][ 74]LogModuleManager: Shutting down and abandoning module OutputLog (353)
[2018.08.14-16.54.17:121][ 74]LogModuleManager: Shutting down and abandoning module GammaUI (351)
[2018.08.14-16.54.17:121][ 74]LogModuleManager: Shutting down and abandoning module Documentation (349)
[2018.08.14-16.54.17:122][ 74]LogModuleManager: Shutting down and abandoning module MovieSceneTracks (347)
[2018.08.14-16.54.17:122][ 74]LogModuleManager: Shutting down and abandoning module MovieScene (345)
[2018.08.14-16.54.17:122][ 74]LogModuleManager: Shutting down and abandoning module StreamingPauseRendering (343)
[2018.08.14-16.54.17:122][ 74]LogModuleManager: Shutting down and abandoning module LauncherPlatform (341)
[2018.08.14-16.54.17:122][ 74]LogModuleManager: Shutting down and abandoning module AnalyticsET (339)
[2018.08.14-16.54.17:122][ 74]LogModuleManager: Shutting down and abandoning module PortalServices (337)
[2018.08.14-16.54.17:122][ 74]LogModuleManager: Shutting down and abandoning module PortalRpc (335)
[2018.08.14-16.54.17:122][ 74]LogModuleManager: Shutting down and abandoning module MessagingRpc (333)
[2018.08.14-16.54.17:122][ 74]LogModuleManager: Shutting down and abandoning module AIModule (331)
[2018.08.14-16.54.17:122][ 74]LogModuleManager: Shutting down and abandoning module GameplayDebugger (330)
[2018.08.14-16.54.17:122][ 74]LogModuleManager: Shutting down and abandoning module AITestSuite (328)
[2018.08.14-16.54.17:122][ 74]LogModuleManager: Shutting down and abandoning module ProfilerService (325)
[2018.08.14-16.54.17:246][ 74]LogModuleManager: Shutting down and abandoning module TaskGraph (323)
[2018.08.14-16.54.17:246][ 74]LogModuleManager: Shutting down and abandoning module ProceduralMeshComponentEditor (321)
[2018.08.14-16.54.17:246][ 74]LogModuleManager: Shutting down and abandoning module ProceduralMeshComponent (319)
[2018.08.14-16.54.17:246][ 74]LogModuleManager: Shutting down and abandoning module CustomMeshComponent (317)
[2018.08.14-16.54.17:246][ 74]LogModuleManager: Shutting down and abandoning module CableComponent (315)
[2018.08.14-16.54.17:246][ 74]LogModuleManager: Shutting down and abandoning module ArchVisCharacter (313)
[2018.08.14-16.54.17:247][ 74]LogModuleManager: Shutting down and abandoning module ActorSequence (311)
[2018.08.14-16.54.17:247][ 74]LogModuleManager: Shutting down and abandoning module MediaPlayerEditor (309)
[2018.08.14-16.54.17:247][ 74]LogModuleManager: Shutting down and abandoning module MediaCompositingEditor (307)
[2018.08.14-16.54.17:247][ 74]LogModuleManager: Shutting down and abandoning module MediaCompositing (305)
[2018.08.14-16.54.17:247][ 74]LogModuleManager: Shutting down and abandoning module HTML5Networking (303)
[2018.08.14-16.54.17:247][ 74]LogModuleManager: Shutting down and abandoning module AlembicImporter (301)
[2018.08.14-16.54.17:247][ 74]LogModuleManager: Shutting down and abandoning module AlembicLibrary (300)
[2018.08.14-16.54.17:247][ 74]LogModuleManager: Shutting down and abandoning module GeometryCache (299)
[2018.08.14-16.54.17:247][ 74]LogModuleManager: Shutting down and abandoning module GeometryCacheEd (298)
[2018.08.14-16.54.17:247][ 74]LogModuleManager: Shutting down and abandoning module SpeedTreeImporter (293)
[2018.08.14-16.54.17:247][ 74]LogModuleManager: Shutting down and abandoning module PluginBrowser (291)
[2018.08.14-16.54.17:248][ 74]LogModuleManager: Shutting down and abandoning module VisualStudioSourceCodeAccess (289)
[2018.08.14-16.54.17:248][ 74]LogModuleManager: Shutting down and abandoning module VisualStudioCodeSourceCodeAccess (287)
[2018.08.14-16.54.17:248][ 74]LogModuleManager: Shutting down and abandoning module UObjectPlugin (285)
[2018.08.14-16.54.17:248][ 74]LogModuleManager: Shutting down and abandoning module GitSourceControl (283)
[2018.08.14-16.54.17:248][ 74]LogModuleManager: Shutting down and abandoning module SourceControl (282)
[2018.08.14-16.54.17:248][ 74]LogModuleManager: Shutting down and abandoning module LightPropagationVolumeEditor (279)
[2018.08.14-16.54.17:248][ 74]LogModuleManager: Shutting down and abandoning module PaperTiledImporter (277)
[2018.08.14-16.54.17:248][ 74]LogModuleManager: Shutting down and abandoning module PaperSpriteSheetImporter (275)
[2018.08.14-16.54.17:248][ 74]LogModuleManager: Shutting down and abandoning module Paper2DEditor (273)
[2018.08.14-16.54.17:248][ 74]LogModuleManager: Shutting down and abandoning module MeshPaint (272)
[2018.08.14-16.54.17:249][ 74]LogModuleManager: Shutting down and abandoning module LevelEditor (270)
[2018.08.14-16.54.17:251][ 74]LogModuleManager: Shutting down and abandoning module PixelInspectorModule (269)
[2018.08.14-16.54.17:251][ 74]LogModuleManager: Shutting down and abandoning module MainFrame (267)
[2018.08.14-16.54.17:252][ 74]LogModuleManager: Shutting down and abandoning module HotReload (266)
[2018.08.14-16.54.17:252][ 74]LogDirectoryWatcher: A directory notification for 'C:/Users/User/Documents/GitHub/HotPotatoSimulator/Binaries/Win64' was aborted.
[2018.08.14-16.54.17:253][ 74]LogModuleManager: Shutting down and abandoning module HotPotatoSimulator (261)
[2018.08.14-16.54.17:253][ 74]LogModuleManager: Shutting down and abandoning module RuntimePhysXCooking (259)
[2018.08.14-16.54.17:254][ 74]LogModuleManager: Shutting down and abandoning module PhysXVehiclesEditor (257)
[2018.08.14-16.54.17:254][ 74]LogModuleManager: Shutting down and abandoning module PhysXVehicles (255)
[2018.08.14-16.54.17:254][ 74]LogModuleManager: Shutting down and abandoning module ImmediatePhysicsEditor (253)
[2018.08.14-16.54.17:254][ 74]LogModuleManager: Shutting down and abandoning module ImmediatePhysics (251)
[2018.08.14-16.54.17:254][ 74]LogModuleManager: Shutting down and abandoning module UdpMessaging (249)
[2018.08.14-16.54.17:356][ 74]LogModuleManager: Shutting down and abandoning module TcpMessaging (247)
[2018.08.14-16.54.17:457][ 74]LogModuleManager: Shutting down and abandoning module GameplayTagsEditor (245)
[2018.08.14-16.54.17:457][ 74]LogModuleManager: Shutting down and abandoning module FacialAnimationEditor (243)
[2018.08.14-16.54.17:457][ 74]LogModuleManager: Shutting down and abandoning module FacialAnimation (241)
[2018.08.14-16.54.17:457][ 74]LogModuleManager: Shutting down and abandoning module AssetManagerEditor (239)
[2018.08.14-16.54.17:457][ 74]LogModuleManager: Shutting down and abandoning module GraphEditor (238)
[2018.08.14-16.54.17:457][ 74]LogModuleManager: Shutting down and abandoning module ContentBrowser (236)
[2018.08.14-16.54.17:459][ 74]LogModuleManager: Shutting down and abandoning module LightPropagationVolumeRuntime (233)
[2018.08.14-16.54.17:459][ 74]LogModuleManager: Shutting down and abandoning module Paper2D (231)
[2018.08.14-16.54.17:459][ 74]LogModuleManager: Shutting down and abandoning module WmfMedia (229)
[2018.08.14-16.54.17:462][ 74]LogModuleManager: Shutting down and abandoning module ImgMedia (227)
[2018.08.14-16.54.17:462][ 74]LogModuleManager: Shutting down and abandoning module PacketHandler (225)
[2018.08.14-16.54.17:462][ 74]LogModuleManager: Shutting down and abandoning module ClothingSystemEditor (223)
[2018.08.14-16.54.17:462][ 74]LogModuleManager: Shutting down and abandoning module ClothingSystemRuntime (221)
[2018.08.14-16.54.17:462][ 74]LogModuleManager: Shutting down and abandoning module MediaAssets (219)
[2018.08.14-16.54.17:462][ 74]LogModuleManager: Shutting down and abandoning module Media (218)
[2018.08.14-16.54.17:468][ 74]LogModuleManager: Shutting down and abandoning module Overlay (215)
[2018.08.14-16.54.17:468][ 74]LogModuleManager: Shutting down and abandoning module OverlayEditor (214)
[2018.08.14-16.54.17:468][ 74]LogModuleManager: Shutting down and abandoning module VREditor (211)
[2018.08.14-16.54.17:468][ 74]LogModuleManager: Shutting down and abandoning module StringTableEditor (209)
[2018.08.14-16.54.17:468][ 74]LogModuleManager: Shutting down and abandoning module GameplayTasksEditor (207)
[2018.08.14-16.54.17:468][ 74]LogModuleManager: Shutting down and abandoning module BehaviorTreeEditor (205)
[2018.08.14-16.54.17:468][ 74]LogModuleManager: Shutting down and abandoning module FunctionalTesting (203)
[2018.08.14-16.54.17:469][ 74]LogModuleManager: Shutting down and abandoning module CollisionAnalyzer (201)
[2018.08.14-16.54.17:469][ 74]LogModuleManager: Shutting down and abandoning module WorkspaceMenuStructure (200)
[2018.08.14-16.54.17:469][ 74]LogModuleManager: Shutting down and abandoning module UMG (197)
[2018.08.14-16.54.17:469][ 74]LogModuleManager: Shutting down and abandoning module UMGEditor (196)
[2018.08.14-16.54.17:469][ 74]LogModuleManager: Shutting down and abandoning module Sequencer (195)
[2018.08.14-16.54.17:469][ 74]LogModuleManager: Shutting down and abandoning module MessageLog (192)
[2018.08.14-16.54.17:469][ 74]LogModuleManager: Shutting down and abandoning module SlateReflector (187)
[2018.08.14-16.54.17:469][ 74]LogModuleManager: Shutting down and abandoning module Slate (185)
[2018.08.14-16.54.17:469][ 74]LogModuleManager: Shutting down and abandoning module EditorStyle (183)
[2018.08.14-16.54.17:474][ 74]LogModuleManager: Shutting down and abandoning module MRMesh (181)
[2018.08.14-16.54.17:474][ 74]LogModuleManager: Shutting down and abandoning module SourceCodeAccess (179)
[2018.08.14-16.54.17:474][ 74]LogModuleManager: Shutting down and abandoning module HeadMountedDisplay (177)
[2018.08.14-16.54.17:474][ 74]LogModuleManager: Shutting down and abandoning module XAudio2 (175)
[2018.08.14-16.54.17:474][ 74]LogModuleManager: Shutting down and abandoning module Networking (173)
[2018.08.14-16.54.17:474][ 74]LogModuleManager: Shutting down and abandoning module Core (171)
[2018.08.14-16.54.17:474][ 74]LogModuleManager: Shutting down and abandoning module LevelSequence (167)
[2018.08.14-16.54.17:474][ 74]LogModuleManager: Shutting down and abandoning module DirectoryWatcher (165)
[2018.08.14-16.54.17:475][ 74]LogModuleManager: Shutting down and abandoning module KismetCompiler (163)
[2018.08.14-16.54.17:475][ 74]LogModuleManager: Shutting down and abandoning module MeshUtilities (161)
[2018.08.14-16.54.17:475][ 74]LogModuleManager: Shutting down and abandoning module MeshMergeUtilities (160)
[2018.08.14-16.54.17:475][ 74]LogModuleManager: Shutting down and abandoning module MeshReductionInterface (159)
[2018.08.14-16.54.17:475][ 74]LogModuleManager: Shutting down and abandoning module SimplygonSwarm (158)
[2018.08.14-16.54.17:475][ 74]LogModuleManager: Shutting down and abandoning module SimplygonMeshReduction (156)
[2018.08.14-16.54.17:475][ 74]LogModuleManager: Shutting down and abandoning module QuadricMeshReduction (154)
[2018.08.14-16.54.17:475][ 74]LogModuleManager: Shutting down and abandoning module MaterialBaking (150)
[2018.08.14-16.54.17:476][ 74]LogModuleManager: Shutting down and abandoning module DerivedDataCache (147)
[2018.08.14-16.54.17:501][ 74]LogDerivedDataCache: Shutdown
[2018.08.14-16.54.17:501][ 74]LogModuleManager: Shutting down and abandoning module TargetPlatform (145)
[2018.08.14-16.54.17:502][ 74]LogModuleManager: Shutting down and abandoning module VulkanShaderFormat (144)
[2018.08.14-16.54.17:502][ 74]LogModuleManager: Shutting down and abandoning module ShaderFormatVectorVM (142)
[2018.08.14-16.54.17:502][ 74]LogModuleManager: Shutting down and abandoning module ShaderFormatOpenGL (140)
[2018.08.14-16.54.17:502][ 74]LogModuleManager: Shutting down and abandoning module ShaderFormatD3D (138)
[2018.08.14-16.54.17:502][ 74]LogModuleManager: Shutting down and abandoning module MetalShaderFormat (136)
[2018.08.14-16.54.17:502][ 74]LogModuleManager: Shutting down and abandoning module TextureFormatUncompressed (134)
[2018.08.14-16.54.17:502][ 74]LogModuleManager: Shutting down and abandoning module TextureFormatPVR (132)
[2018.08.14-16.54.17:502][ 74]LogModuleManager: Shutting down and abandoning module TextureFormatDXT (130)
[2018.08.14-16.54.17:502][ 74]LogModuleManager: Shutting down and abandoning module TextureFormatIntelISPCTexComp (128)
[2018.08.14-16.54.17:502][ 74]LogModuleManager: Shutting down and abandoning module TextureFormatASTC (126)
[2018.08.14-16.54.17:502][ 74]LogModuleManager: Shutting down and abandoning module ImageWrapper (125)
[2018.08.14-16.54.17:502][ 74]LogModuleManager: Shutting down and abandoning module TextureFormatAndroid (122)
[2018.08.14-16.54.17:502][ 74]LogModuleManager: Shutting down and abandoning module AudioFormatOpus (120)
[2018.08.14-16.54.17:502][ 74]LogModuleManager: Shutting down and abandoning module AudioFormatOgg (118)
[2018.08.14-16.54.17:502][ 74]LogModuleManager: Shutting down and abandoning module AudioFormatADPCM (116)
[2018.08.14-16.54.17:502][ 74]LogModuleManager: Shutting down and abandoning module LinuxTargetPlatform (114)
[2018.08.14-16.54.17:502][ 74]LogModuleManager: Shutting down and abandoning module LinuxServerTargetPlatform (112)
[2018.08.14-16.54.17:502][ 74]LogModuleManager: Shutting down and abandoning module LinuxNoEditorTargetPlatform (110)
[2018.08.14-16.54.17:502][ 74]LogModuleManager: Shutting down and abandoning module LinuxClientTargetPlatform (108)
[2018.08.14-16.54.17:502][ 74]LogModuleManager: Shutting down and abandoning module TVOSTargetPlatform (106)
[2018.08.14-16.54.17:502][ 74]LogModuleManager: Shutting down and abandoning module Messaging (104)
[2018.08.14-16.54.17:502][ 74]LogModuleManager: Shutting down and abandoning module IOSTargetPlatform (102)
[2018.08.14-16.54.17:502][ 74]LogModuleManager: Shutting down and abandoning module HTML5TargetPlatform (100)
[2018.08.14-16.54.17:502][ 74]LogModuleManager: Shutting down and abandoning module AndroidTargetPlatform (98)
[2018.08.14-16.54.17:503][ 74]LogModuleManager: Shutting down and abandoning module Android_PVRTCTargetPlatform (96)
[2018.08.14-16.54.17:503][ 74]LogModuleManager: Shutting down and abandoning module Android_MultiTargetPlatform (94)
[2018.08.14-16.54.17:503][ 74]LogModuleManager: Shutting down and abandoning module Android_ETC2TargetPlatform (92)
[2018.08.14-16.54.17:503][ 74]LogModuleManager: Shutting down and abandoning module Android_ETC1TargetPlatform (90)
[2018.08.14-16.54.17:503][ 74]LogModuleManager: Shutting down and abandoning module Android_DXTTargetPlatform (88)
[2018.08.14-16.54.17:503][ 74]LogModuleManager: Shutting down and abandoning module Android_ATCTargetPlatform (86)
[2018.08.14-16.54.17:503][ 74]LogModuleManager: Shutting down and abandoning module Android_ASTCTargetPlatform (84)
[2018.08.14-16.54.17:503][ 74]LogModuleManager: Shutting down and abandoning module WindowsTargetPlatform (82)
[2018.08.14-16.54.17:503][ 74]LogModuleManager: Shutting down and abandoning module WindowsServerTargetPlatform (80)
[2018.08.14-16.54.17:503][ 74]LogModuleManager: Shutting down and abandoning module WindowsNoEditorTargetPlatform (78)
[2018.08.14-16.54.17:503][ 74]LogModuleManager: Shutting down and abandoning module WindowsClientTargetPlatform (76)
[2018.08.14-16.54.17:503][ 74]LogModuleManager: Shutting down and abandoning module MacTargetPlatform (74)
[2018.08.14-16.54.17:503][ 74]LogModuleManager: Shutting down and abandoning module MacServerTargetPlatform (72)
[2018.08.14-16.54.17:503][ 74]LogModuleManager: Shutting down and abandoning module MacNoEditorTargetPlatform (70)
[2018.08.14-16.54.17:503][ 74]LogModuleManager: Shutting down and abandoning module MacClientTargetPlatform (68)
[2018.08.14-16.54.17:503][ 74]LogModuleManager: Shutting down and abandoning module AllDesktopTargetPlatform (66)
[2018.08.14-16.54.17:503][ 74]LogModuleManager: Shutting down and abandoning module InputCore (63)
[2018.08.14-16.54.17:503][ 74]LogModuleManager: Shutting down and abandoning module Settings (61)
[2018.08.14-16.54.17:503][ 74]LogModuleManager: Shutting down and abandoning module PhysXCooking (59)
[2018.08.14-16.54.17:503][ 74]LogModuleManager: Shutting down and abandoning module WindowsDeviceProfileSelector (57)
[2018.08.14-16.54.17:503][ 74]LogModuleManager: Shutting down and abandoning module ExampleDeviceProfileSelector (55)
[2018.08.14-16.54.17:503][ 74]LogModuleManager: Shutting down and abandoning module OnlineBlueprintSupport (53)
[2018.08.14-16.54.17:503][ 74]LogModuleManager: Shutting down and abandoning module OnlineSubsystem (49)
[2018.08.14-16.54.17:503][ 74]LogOnline: Display: OSS: FOnlineSubsystemNull::Shutdown()
[2018.08.14-16.54.17:503][ 74]LogOnline: Display: OSS: FOnlineAsyncTaskManager::Stop() ActiveTask:0000000000000000 Tasks[0/0]
[2018.08.14-16.54.17:504][ 74]LogOnline: Display: OSS: FOnlineAsyncTaskManager::Exit() started
[2018.08.14-16.54.17:504][ 74]LogOnline: Display: OSS: FOnlineAsyncTaskManager::Exit() finished
[2018.08.14-16.54.17:504][ 74]LogModuleManager: Shutting down and abandoning module XMPP (43)
[2018.08.14-16.54.17:505][ 74]LogModuleManager: Shutting down and abandoning module HTTP (41)
[2018.08.14-16.54.17:505][ 74]LogHttp: Display: Http module shutting down, but needs to wait on 1 outstanding Http requests:
[2018.08.14-16.54.17:505][ 74]LogHttp: Display: 	verb=[POST] url=[https://datarouter.ol.epicgames.com/datarouter/api/v1/public/data?SessionID=%7B0FB775C9-4F1E-29BD-9B16-DFA55ADCDE15%7D&AppID=UEEditor.Rocket.Release&AppVersion=4.18.3-3832480%2B%2B%2BUE4%2BRelease-4.18&UserID=bb227a4848838e93710dc2b6bb019884%7C1b8450e56e054e75b3043048f01c8331%7C26cc12eb-719d-4b1b-a9f1-378c26d79af3&AppEnvironment=datacollector-binary&UploadType=eteventstream] status=Processing
[2018.08.14-16.54.17:513][ 74]LogModuleManager: Shutting down and abandoning module SSL (40)
[2018.08.14-16.54.17:515][ 74]LogModuleManager: Shutting down and abandoning module AnimationModifiers (36)
[2018.08.14-16.54.17:515][ 74]LogModuleManager: Shutting down and abandoning module PropertyEditor (35)
[2018.08.14-16.54.17:516][ 74]LogModuleManager: Shutting down and abandoning module AudioEditor (32)
[2018.08.14-16.54.17:516][ 74]LogModuleManager: Shutting down and abandoning module TextureCompressor (30)
[2018.08.14-16.54.17:516][ 74]LogModuleManager: Shutting down and abandoning module ShaderCore (28)
[2018.08.14-16.54.17:516][ 74]LogModuleManager: Shutting down and abandoning module Landscape (26)
[2018.08.14-16.54.17:516][ 74]LogModuleManager: Shutting down and abandoning module SlateRHIRenderer (24)
[2018.08.14-16.54.17:518][ 74]LogModuleManager: Shutting down and abandoning module OpenGLDrv (22)
[2018.08.14-16.54.17:518][ 74]LogModuleManager: Shutting down and abandoning module D3D11RHI (20)
[2018.08.14-16.54.17:518][ 74]LogModuleManager: Shutting down and abandoning module AnimGraphRuntime (18)
[2018.08.14-16.54.17:518][ 74]LogModuleManager: Shutting down and abandoning module Renderer (16)
[2018.08.14-16.54.17:518][ 74]LogModuleManager: Shutting down and abandoning module Engine (14)
[2018.08.14-16.54.17:519][ 74]LogModuleManager: Shutting down and abandoning module CoreUObject (12)
[2018.08.14-16.54.17:519][ 74]LogModuleManager: Shutting down and abandoning module NetworkFile (10)
[2018.08.14-16.54.17:519][ 74]LogModuleManager: Shutting down and abandoning module CookedIterativeFile (8)
[2018.08.14-16.54.17:519][ 74]LogModuleManager: Shutting down and abandoning module StreamingFile (6)
[2018.08.14-16.54.17:519][ 74]LogModuleManager: Shutting down and abandoning module SandboxFile (4)
[2018.08.14-16.54.17:519][ 74]LogModuleManager: Shutting down and abandoning module PakFile (2)
[2018.08.14-16.54.17:524][ 74]LogExit: Exiting.
[2018.08.14-16.54.17:551][ 74]Log file closed, 08/14/18 13:54:17
